<?xml version="1.0" encoding="UTF-8"?>
<!-- Generated by org.testng.reporters.JUnitReportReporter -->
<testsuite hostname="DESKTOP-QV90AU0" name="AssignMent.TC_15_EditContact" tests="1" failures="0" timestamp="15 Sep 2021 15:57:28 GMT" time="55.951" errors="0">
  <testcase name="EditContact" time="55.951" classname="AssignMent.TC_15_EditContact"/>
</testsuite> <!-- AssignMent.TC_15_EditContact -->
