<?xml version="1.0" encoding="UTF-8"?>
<!-- Generated by org.testng.reporters.JUnitReportReporter -->
<testsuite hostname="DESKTOP-QV90AU0" name="com.crm.autodesk.ContactsTests.TC_01_CreateContactWithOrganizationTest" tests="1" failures="0" timestamp="11 Sep 2021 10:43:29 GMT" time="44.041" errors="0">
  <testcase name="CreateContactWithOrganization" time="44.041" classname="com.crm.autodesk.ContactsTests.TC_01_CreateContactWithOrganizationTest"/>
</testsuite> <!-- com.crm.autodesk.ContactsTests.TC_01_CreateContactWithOrganizationTest -->
