<?xml version="1.0" encoding="UTF-8"?>
<!-- Generated by org.testng.reporters.JUnitReportReporter -->
<testsuite hostname="DESKTOP-QV90AU0" name="AssignMent.Akash" tests="1" failures="0" timestamp="12 Sep 2021 13:06:15 GMT" time="47.373" errors="0">
  <testcase name="CreateContact" time="47.373" classname="AssignMent.Akash"/>
</testsuite> <!-- AssignMent.Akash -->
