<?xml version="1.0" encoding="UTF-8"?>
<!-- Generated by org.testng.reporters.JUnitReportReporter -->
<testsuite hostname="DESKTOP-QV90AU0" name="AssignMent.TC_11_CreateContact" tests="1" failures="0" timestamp="17 Sep 2021 08:41:21 GMT" time="36.643" errors="0">
  <testcase name="CreateContact" time="36.643" classname="AssignMent.TC_11_CreateContact"/>
</testsuite> <!-- AssignMent.TC_11_CreateContact -->
