<?xml version="1.0" encoding="UTF-8"?>
<!-- Generated by org.testng.reporters.JUnitReportReporter -->
<testsuite hostname="DESKTOP-QV90AU0" name="com.crm.autodesk.ContactsTests.TC_05_OrganizationTest" tests="1" failures="0" timestamp="11 Sep 2021 13:24:31 GMT" time="14.470" errors="0">
  <testcase name="OrganizationTest" time="14.470" classname="com.crm.autodesk.ContactsTests.TC_05_OrganizationTest"/>
</testsuite> <!-- com.crm.autodesk.ContactsTests.TC_05_OrganizationTest -->
