<?xml version="1.0" encoding="UTF-8"?>
<!-- Generated by org.testng.reporters.JUnitReportReporter -->
<testsuite hostname="DESKTOP-QV90AU0" name="AssignMent.TC_20_SendingMail" tests="1" failures="0" timestamp="14 Sep 2021 08:15:06 GMT" time="31.040" errors="0">
  <testcase name="CreateContact" time="31.040" classname="AssignMent.TC_20_SendingMail"/>
</testsuite> <!-- AssignMent.TC_20_SendingMail -->
