<?xml version="1.0" encoding="UTF-8"?>
<!-- Generated by org.testng.reporters.JUnitReportReporter -->
<testsuite hostname="DESKTOP-QV90AU0" name="AssignMent.Arun" tests="1" failures="0" timestamp="15 Sep 2021 08:00:44 GMT" time="45.125" errors="0">
  <testcase name="CreateContact" time="45.125" classname="AssignMent.Arun"/>
</testsuite> <!-- AssignMent.Arun -->
