<?xml version="1.0" encoding="UTF-8"?>
<!-- Generated by org.testng.reporters.JUnitReportReporter -->
<testsuite hostname="DESKTOP-QV90AU0" name="AssignMent.TC_14_DeleteContact" tests="1" failures="0" timestamp="15 Sep 2021 15:57:28 GMT" time="31.434" errors="0">
  <testcase name="DeleteContact" time="31.434" classname="AssignMent.TC_14_DeleteContact"/>
</testsuite> <!-- AssignMent.TC_14_DeleteContact -->
