<?xml version="1.0" encoding="UTF-8"?>
<!-- Generated by org.testng.reporters.JUnitReportReporter -->
<testsuite hostname="DESKTOP-QV90AU0" name="com.crm.autodesk.ContactsTests.CreateOrganization1" tests="1" failures="0" timestamp="9 Sep 2021 06:19:36 GMT" time="48.792" errors="0">
  <testcase name="CreateContactWithOrganization" time="48.792" classname="com.crm.autodesk.ContactsTests.CreateOrganization1"/>
</testsuite> <!-- com.crm.autodesk.ContactsTests.CreateOrganization1 -->
