<?xml version="1.0" encoding="UTF-8"?>
<!-- Generated by org.testng.reporters.JUnitReportReporter -->
<testsuite hostname="DESKTOP-QV90AU0" name="AssignMent.TC_13_DeleteContact" tests="1" failures="0" timestamp="17 Sep 2021 11:32:07 GMT" time="45.322" errors="0">
  <testcase name="DeleteContact13" time="45.322" classname="AssignMent.TC_13_DeleteContact"/>
</testsuite> <!-- AssignMent.TC_13_DeleteContact -->
