<?xml version="1.0" encoding="UTF-8"?>
<!-- Generated by org.testng.reporters.JUnitReportReporter -->
<testsuite hostname="DESKTOP-QV90AU0" name="AssignMent.HoverVtiger$Arun1" tests="1" failures="0" timestamp="17 Sep 2021 05:40:01 GMT" time="15.845" errors="0">
  <testcase name="CreateContact" time="15.845" classname="AssignMent.HoverVtiger$Arun1"/>
</testsuite> <!-- AssignMent.HoverVtiger$Arun1 -->
