<?xml version="1.0" encoding="UTF-8"?>
<!-- Generated by org.testng.reporters.JUnitReportReporter -->
<testsuite hostname="DESKTOP-QV90AU0" name="AssignMent.Arun1" tests="1" failures="0" timestamp="17 Sep 2021 09:18:21 GMT" time="34.893" errors="0">
  <testcase name="CreateContact" time="34.893" classname="AssignMent.Arun1"/>
</testsuite> <!-- AssignMent.Arun1 -->
