<?xml version="1.0" encoding="UTF-8"?>
<!-- Generated by org.testng.reporters.JUnitReportReporter -->
<testsuite hostname="DESKTOP-QV90AU0" name="AssignMent.CreateOrganizationWithMultipleData" tests="5" failures="0" timestamp="15 Sep 2021 16:35:32 GMT" time="163.265" errors="0">
  <testcase name="CreateOrganizationWithMultiple" time="34.430" classname="AssignMent.CreateOrganizationWithMultipleData"/>
  <testcase name="CreateOrganizationWithMultiple" time="28.539" classname="AssignMent.CreateOrganizationWithMultipleData"/>
  <testcase name="CreateOrganizationWithMultiple" time="26.851" classname="AssignMent.CreateOrganizationWithMultipleData"/>
  <testcase name="CreateOrganizationWithMultiple" time="30.033" classname="AssignMent.CreateOrganizationWithMultipleData"/>
  <testcase name="CreateOrganizationWithMultiple" time="43.412" classname="AssignMent.CreateOrganizationWithMultipleData"/>
</testsuite> <!-- AssignMent.CreateOrganizationWithMultipleData -->
