<?xml version="1.0" encoding="UTF-8"?>
<!-- Generated by org.testng.reporters.JUnitReportReporter -->
<testsuite hostname="DESKTOP-QV90AU0" name="AssignMent.TC_12_CreateContact" tests="1" failures="0" timestamp="17 Sep 2021 08:41:21 GMT" time="26.842" errors="0">
  <testcase name="CreateContact" time="26.842" classname="AssignMent.TC_12_CreateContact"/>
</testsuite> <!-- AssignMent.TC_12_CreateContact -->
