<?xml version="1.0" encoding="UTF-8"?>
<!-- Generated by org.testng.reporters.JUnitReportReporter -->
<testsuite hostname="DESKTOP-QV90AU0" name="AssignMent.TC_18_SendingMail" tests="1" failures="0" timestamp="14 Sep 2021 08:12:10 GMT" time="35.158" errors="0">
  <testcase name="SendingMail" time="35.158" classname="AssignMent.TC_18_SendingMail"/>
</testsuite> <!-- AssignMent.TC_18_SendingMail -->
