<?xml version="1.0" encoding="UTF-8"?>
<!-- Generated by org.testng.reporters.JUnitReportReporter -->
<testsuite hostname="DESKTOP-QV90AU0" name="com.crm.autodesk.ContactsTests.CreateOrganization" tests="1" failures="0" timestamp="9 Sep 2021 05:45:56 GMT" time="35.085" errors="0">
  <testcase name="CreateContactWithOrganization" time="35.085" classname="com.crm.autodesk.ContactsTests.CreateOrganization"/>
</testsuite> <!-- com.crm.autodesk.ContactsTests.CreateOrganization -->
