<?xml version="1.0" encoding="UTF-8"?>
<!-- Generated by org.testng.reporters.JUnitReportReporter -->
<testsuite hostname="DESKTOP-QV90AU0" name="AssignMent.TC_16_View_Contact" tests="1" failures="0" timestamp="14 Sep 2021 08:11:15 GMT" time="21.450" errors="0">
  <testcase name="View_Contact" time="21.450" classname="AssignMent.TC_16_View_Contact"/>
</testsuite> <!-- AssignMent.TC_16_View_Contact -->
