<?xml version="1.0" encoding="UTF-8"?>
<!-- Generated by org.testng.reporters.JUnitReportReporter -->
<testsuite hostname="DESKTOP-QV90AU0" name="AssignMent.TC_19_SendingMail" tests="1" failures="0" timestamp="14 Sep 2021 08:14:05 GMT" time="18.684" errors="0">
  <testcase name="SendingMail" time="18.684" classname="AssignMent.TC_19_SendingMail"/>
</testsuite> <!-- AssignMent.TC_19_SendingMail -->
