<?xml version="1.0" encoding="UTF-8"?>
<!-- Generated by org.testng.reporters.JUnitReportReporter -->
<testsuite hostname="DESKTOP-QV90AU0" name="com.crm.autodesk.ContactsTests.Product" tests="1" failures="0" timestamp="11 Sep 2021 06:02:47 GMT" time="142.989" errors="0">
  <testcase name="CreateContactWithOrganization" time="142.989" classname="com.crm.autodesk.ContactsTests.Product"/>
</testsuite> <!-- com.crm.autodesk.ContactsTests.Product -->
